<?xml version="1.0" encoding="UTF-8"?>
<!-- Generated by org.testng.reporters.JUnitReportReporter -->
<testsuite name="TestSpotify.TestSpotify.AdminList" tests="2" time="151.153" ignored="0" failures="0" timestamp="12 feb 2019 17:16:29 GMT" skipped="0" hostname="DANIELMANZO" errors="0">
  <testcase name="SetearDriver" time="10.183" classname="TestSpotify.TestSpotify.AdminList"/>
  <testcase name="LoginSpotify" time="140.970" classname="TestSpotify.TestSpotify.AdminList"/>
</testsuite> <!-- TestSpotify.TestSpotify.AdminList -->
